<?xml version="1.0" encoding="UTF-8"?>
<!-- Generated by org.testng.reporters.JUnitReportReporter -->
<testsuite hostname="Gopi-PC" failures="0" tests="1" name="TestNG.Demo" time="0.032" errors="0" timestamp="2024-06-06T11:02:01 IST" skipped="0">
  <testcase classname="TestNG.Demo" name="demo" time="0.032"/>
  <system-out/>
</testsuite> <!-- TestNG.Demo -->
