<?xml version="1.0" encoding="UTF-8"?>
<!-- Generated by org.testng.reporters.JUnitReportReporter -->
<testsuite hostname="Gopi-PC" failures="0" tests="4" name="TestNG.TestngDemo" time="0.126" errors="0" timestamp="2024-06-18T20:18:48 IST" skipped="0">
  <testcase classname="TestNG.TestngDemo" name="bus" time="0.098"/>
  <system-out/>
  <testcase classname="TestNG.TestngDemo" name="car" time="0.019"/>
  <system-out/>
  <testcase classname="TestNG.TestngDemo" name="bicycle" time="0.004"/>
  <system-out/>
  <testcase classname="TestNG.TestngDemo" name="bike" time="0.005"/>
  <system-out/>
</testsuite> <!-- TestNG.TestngDemo -->
