<?xml version="1.0" encoding="UTF-8"?>
<!-- Generated by org.testng.reporters.JUnitReportReporter -->
<testsuite hostname="Gopi-PC" failures="0" tests="1" name="ERP_Testing.Customer_Management" time="13.109" errors="0" timestamp="2024-06-19T19:40:44 IST" skipped="0">
  <testcase classname="ERP_Testing.Customer_Management" name="customerSearch" time="13.109"/>
  <system-out/>
</testsuite> <!-- ERP_Testing.Customer_Management -->
